  Motor.cpp
c:\users\célia figueiredo\documents\github\cg-1516\motor\src\..\..\utils\CoordsEsfericas.h(56): warning C4305: '=': truncation from 'double' to 'float'
src\Motor.cpp(12): error C2143: syntax error: missing ';' before '<'
src\Motor.cpp(12): error C4430: missing type specifier - int assumed. Note: C++ does not support default-int
src\Motor.cpp(23): error C2872: 'vector': ambiguous symbol
  src\Motor.cpp(12): note: could be 'int vector'
  C:\Program Files (x86)\Microsoft Visual Studio 14.0\VC\include\vector(678): note: or       'std::vector'
src\Motor.cpp(23): error C2143: syntax error: missing ';' before '<'
src\Motor.cpp(23): error C4430: missing type specifier - int assumed. Note: C++ does not support default-int
src\Motor.cpp(23): error C2086: 'int vector': redefinition
  src\Motor.cpp(12): note: see declaration of 'vector'
src\Motor.cpp(27): error C2872: 'vector': ambiguous symbol
  src\Motor.cpp(12): note: could be 'int vector'
  C:\Program Files (x86)\Microsoft Visual Studio 14.0\VC\include\vector(678): note: or       'std::vector'
src\Motor.cpp(27): error C2143: syntax error: missing ';' before '<'
src\Motor.cpp(27): error C4430: missing type specifier - int assumed. Note: C++ does not support default-int
src\Motor.cpp(27): error C2086: 'int vector': redefinition
  src\Motor.cpp(12): note: see declaration of 'vector'
src\Motor.cpp(32): error C2872: 'vector': ambiguous symbol
  src\Motor.cpp(12): note: could be 'int vector'
  C:\Program Files (x86)\Microsoft Visual Studio 14.0\VC\include\vector(678): note: or       'std::vector'
src\Motor.cpp(32): error C2059: syntax error: 'const'
src\Motor.cpp(33): warning C4305: 'argument': truncation from 'double' to 'float'
src\Motor.cpp(34): error C2065: 'ficheiros': undeclared identifier
src\Motor.cpp(34): error C2228: left of '.begin' must have class/struct/union
  src\Motor.cpp(34): note: type is 'unknown-type'
src\Motor.cpp(34): error C3536: 'it': cannot be used before it is initialized
src\Motor.cpp(34): error C2228: left of '.end' must have class/struct/union
  src\Motor.cpp(34): note: type is 'unknown-type'
src\Motor.cpp(35): error C2100: illegal indirection
src\Motor.cpp(35): error C2088: '<<': illegal for class
src\Motor.cpp(36): error C2100: illegal indirection
src\Motor.cpp(76): warning C4244: 'initializing': conversion from 'double' to 'float', possible loss of data
src\Motor.cpp(110): error C2065: 'pontos': undeclared identifier
src\Motor.cpp(110): error C2228: left of '.begin' must have class/struct/union
  src\Motor.cpp(110): note: type is 'unknown-type'
src\Motor.cpp(110): error C3536: 'it': cannot be used before it is initialized
src\Motor.cpp(110): error C2228: left of '.end' must have class/struct/union
  src\Motor.cpp(110): note: type is 'unknown-type'
src\Motor.cpp(111): error C2227: left of '->x' must point to class/struct/union/generic type
  src\Motor.cpp(111): note: type is 'int'
src\Motor.cpp(111): error C2227: left of '->y' must point to class/struct/union/generic type
  src\Motor.cpp(111): note: type is 'int'
src\Motor.cpp(111): error C2227: left of '->z' must point to class/struct/union/generic type
  src\Motor.cpp(111): note: type is 'int'
src\Motor.cpp(111): error C2660: 'glVertex3f': function does not take 1 arguments
src\Motor.cpp(114): error C2065: 'primitivas': undeclared identifier
src\Motor.cpp(114): error C2228: left of '.size' must have class/struct/union
  src\Motor.cpp(114): note: type is 'unknown-type'
src\Motor.cpp(116): error C2065: 'Transformacao': undeclared identifier
src\Motor.cpp(116): error C2146: syntax error: missing ';' before identifier 't'
src\Motor.cpp(116): error C2065: 't': undeclared identifier
src\Motor.cpp(116): error C2065: 'primitivas': undeclared identifier
src\Motor.cpp(116): error C2228: left of '.getTransformacao' must have class/struct/union
src\Motor.cpp(118): error C2065: 't': undeclared identifier
src\Motor.cpp(118): error C2228: left of '.getRotacao' must have class/struct/union
  src\Motor.cpp(118): note: type is 'unknown-type'
src\Motor.cpp(118): error C2228: left of '.getAngulo' must have class/struct/union
src\Motor.cpp(118): error C2228: left of '.geteixoX' must have class/struct/union
src\Motor.cpp(118): error C2228: left of '.geteixoY' must have class/struct/union
src\Motor.cpp(118): error C2228: left of '.geteixoZ' must have class/struct/union
src\Motor.cpp(118): error C2660: 'glRotatef': function does not take 1 arguments
src\Motor.cpp(119): error C2065: 't': undeclared identifier
src\Motor.cpp(119): error C2228: left of '.getTranslacao' must have class/struct/union
  src\Motor.cpp(119): note: type is 'unknown-type'
src\Motor.cpp(119): error C2228: left of '.getTransx' must have class/struct/union
src\Motor.cpp(119): error C2228: left of '.getTransy' must have class/struct/union
src\Motor.cpp(119): error C2228: left of '.getTransz' must have class/struct/union
src\Motor.cpp(119): error C2660: 'glTranslatef': function does not take 1 arguments
src\Motor.cpp(120): error C2065: 't': undeclared identifier
src\Motor.cpp(120): error C2228: left of '.getEscala' must have class/struct/union
  src\Motor.cpp(120): note: type is 'unknown-type'
src\Motor.cpp(120): error C2228: left of '.getX' must have class/struct/union
src\Motor.cpp(120): error C2065: 'primitivas': undeclared identifier
src\Motor.cpp(120): error C2228: left of '.getTransformacao' must have class/struct/union
src\Motor.cpp(120): error C2228: left of '.getY' must have class/struct/union
src\Motor.cpp(120): error C2228: left of '.getZ' must have class/struct/union
src\Motor.cpp(120): error C2660: 'glScalef': function does not take 1 arguments
src\Motor.cpp(121): error C2065: 'pontos': undeclared identifier
src\Motor.cpp(121): error C2228: left of '.clear' must have class/struct/union
  src\Motor.cpp(121): note: type is 'unknown-type'
src\Motor.cpp(122): error C2065: 'pontos': undeclared identifier
src\Motor.cpp(122): error C2065: 'primitivas': undeclared identifier
src\Motor.cpp(122): error C2228: left of '.getPontos' must have class/struct/union
src\Motor.cpp(126): error C2065: 'pontos': undeclared identifier
src\Motor.cpp(126): error C2228: left of '.size' must have class/struct/union
  src\Motor.cpp(126): note: type is 'unknown-type'
src\Motor.cpp(127): error C2065: 'pontos': undeclared identifier
src\Motor.cpp(127): error C2228: left of '.getX' must have class/struct/union
src\Motor.cpp(127): error C2228: left of '.getY' must have class/struct/union
src\Motor.cpp(127): error C2228: left of '.getZ' must have class/struct/union
src\Motor.cpp(127): error C2660: 'glVertex3f': function does not take 1 arguments
src\Motor.cpp(136): error C2061: syntax error: identifier 'Transformacao'
src\Motor.cpp(136): error C2601: 'parseGrupo': local function definitions are illegal
  src\Motor.cpp(93): note: this line contains a '{' which has not yet been matched
src\Motor.cpp(229): error C2872: 'vector': ambiguous symbol
  src\Motor.cpp(12): note: could be 'int vector'
  C:\Program Files (x86)\Microsoft Visual Studio 14.0\VC\include\vector(678): note: or       'std::vector'
src\Motor.cpp(229): error C2059: syntax error: 'const'
src\Motor.cpp(229): error C2143: syntax error: missing ';' before '{'
src\Motor.cpp(230): error C2872: 'vector': ambiguous symbol
  src\Motor.cpp(12): note: could be 'int vector'
  C:\Program Files (x86)\Microsoft Visual Studio 14.0\VC\include\vector(678): note: or       'std::vector'
src\Motor.cpp(230): error C2059: syntax error: 'const'
src\Motor.cpp(239): error C2065: 'ficheiros': undeclared identifier
src\Motor.cpp(239): error C2228: left of '.push_back' must have class/struct/union
  src\Motor.cpp(239): note: type is 'unknown-type'
src\Motor.cpp(247): error C2065: 'ficheiros': undeclared identifier
src\Motor.cpp(250): error C2601: 'le3D': local function definitions are illegal
  src\Motor.cpp(93): note: this line contains a '{' which has not yet been matched
src\Motor.cpp(269): error C2601: 'f_special_keys': local function definitions are illegal
  src\Motor.cpp(93): note: this line contains a '{' which has not yet been matched
src\Motor.cpp(282): error C2601: 'f_teclas_normais': local function definitions are illegal
  src\Motor.cpp(93): note: this line contains a '{' which has not yet been matched
src\Motor.cpp(297): error C2601: 'menuDrawing': local function definitions are illegal
  src\Motor.cpp(93): note: this line contains a '{' which has not yet been matched
src\Motor.cpp(93): fatal error C1075: the left brace '{' was unmatched at the end of the file
