  tinyxml2.cpp
  Motor.cpp
c:\users\célia figueiredo\documents\github\cg-1516\utils\coordsesfericas.h(56): warning C4305: '=': truncation from 'double' to 'float'
c:\users\célia figueiredo\documents\github\cg-1516\motor\src\motor.cpp(31): warning C4305: 'argument': truncation from 'double' to 'float'
c:\users\célia figueiredo\documents\github\cg-1516\motor\src\motor.cpp(74): warning C4244: 'initializing': conversion from 'double' to 'float', possible loss of data
c:\users\célia figueiredo\documents\github\cg-1516\motor\src\motor.cpp(159): warning C4305: 'argument': truncation from 'double' to 'float'
c:\users\célia figueiredo\documents\github\cg-1516\motor\src\motor.cpp(160): warning C4305: 'argument': truncation from 'double' to 'float'
c:\users\célia figueiredo\documents\github\cg-1516\motor\src\motor.cpp(161): warning C4305: 'argument': truncation from 'double' to 'float'
c:\users\célia figueiredo\documents\github\cg-1516\motor\src\motor.cpp(162): warning C4305: 'argument': truncation from 'double' to 'float'
c:\users\célia figueiredo\documents\github\cg-1516\motor\src\motor.cpp(172): warning C4305: 'argument': truncation from 'double' to 'float'
c:\users\célia figueiredo\documents\github\cg-1516\motor\src\motor.cpp(173): warning C4305: 'argument': truncation from 'double' to 'float'
c:\users\célia figueiredo\documents\github\cg-1516\motor\src\motor.cpp(174): warning C4305: 'argument': truncation from 'double' to 'float'
c:\users\célia figueiredo\documents\github\cg-1516\motor\src\motor.cpp(175): warning C4305: 'argument': truncation from 'double' to 'float'
  Generating Code...
Motor.obj : error LNK2019: unresolved external symbol __imp__glutInitWindowPosition@8 referenced in function _main
Motor.obj : error LNK2019: unresolved external symbol __imp__glutInitWindowSize@8 referenced in function _main
Motor.obj : error LNK2019: unresolved external symbol __imp__glutInitDisplayMode@4 referenced in function _main
Motor.obj : error LNK2019: unresolved external symbol __imp__glutMainLoop@0 referenced in function _main
Motor.obj : error LNK2019: unresolved external symbol __imp__glutPostRedisplay@0 referenced in function "void __cdecl f_special_keys(int,int,int)" (?f_special_keys@@YAXHHH@Z)
Motor.obj : error LNK2019: unresolved external symbol __imp__glutSwapBuffers@0 referenced in function "void __cdecl renderScene(void)" (?renderScene@@YAXXZ)
Motor.obj : error LNK2019: unresolved external symbol __imp__glutAddMenuEntry@8 referenced in function _main
Motor.obj : error LNK2019: unresolved external symbol __imp__glutAttachMenu@4 referenced in function _main
Motor.obj : error LNK2019: unresolved external symbol __imp__glutKeyboardFunc@4 referenced in function _main
Motor.obj : error LNK2019: unresolved external symbol __imp__glutSpecialFunc@4 referenced in function _main
Motor.obj : error LNK2019: unresolved external symbol __imp__glutReshapeFunc@4 referenced in function _main
Motor.obj : error LNK2019: unresolved external symbol __imp__glutDisplayFunc@4 referenced in function _main
Motor.obj : error LNK2019: unresolved external symbol __imp____glutInitWithExit@12 referenced in function _glutInit_ATEXIT_HACK@8
Motor.obj : error LNK2019: unresolved external symbol __imp____glutCreateWindowWithExit@8 referenced in function _glutCreateWindow_ATEXIT_HACK@4
Motor.obj : error LNK2019: unresolved external symbol __imp____glutCreateMenuWithExit@8 referenced in function _glutCreateMenu_ATEXIT_HACK@4
C:\Program Files (x86)\Microsoft Visual Studio 14.0\VC\lib\freeglut.lib : warning LNK4272: library machine type 'x64' conflicts with target machine type 'X86'
C:\Users\Célia Figueiredo\Documents\GitHub\CG-1516\Motor\Debug\Motor.exe : fatal error LNK1120: 15 unresolved externals
