  main.cpp
main.cpp(22): warning C4244: 'initializing': conversion from 'double' to 'float', possible loss of data
main.cpp(59): warning C4244: 'initializing': conversion from 'int' to 'float', possible loss of data
main.cpp(69): warning C4305: 'argument': truncation from 'double' to 'GLfloat'
main.cpp(71): warning C4244: 'argument': conversion from 'double' to 'GLfloat', possible loss of data
main.cpp(72): warning C4244: 'argument': conversion from 'double' to 'GLfloat', possible loss of data
main.cpp(78): warning C4244: 'argument': conversion from 'double' to 'GLfloat', possible loss of data
main.cpp(79): warning C4244: 'argument': conversion from 'double' to 'GLfloat', possible loss of data
main.cpp(85): warning C4244: 'argument': conversion from 'double' to 'GLfloat', possible loss of data
main.cpp(86): warning C4244: 'argument': conversion from 'double' to 'GLfloat', possible loss of data
main.cpp(87): warning C4244: 'argument': conversion from 'double' to 'GLfloat', possible loss of data
main.cpp(90): warning C4244: 'argument': conversion from 'double' to 'GLfloat', possible loss of data
main.cpp(91): warning C4244: 'argument': conversion from 'double' to 'GLfloat', possible loss of data
main.cpp(92): warning C4244: 'argument': conversion from 'double' to 'GLfloat', possible loss of data
main.cpp(123): warning C4305: '+=': truncation from 'double' to 'float'
main.cpp(132): error C2601: 'keys': local function definitions are illegal
  main.cpp(112): note: this line contains a '{' which has not yet been matched
main.cpp(179): error C2601: 'main': local function definitions are illegal
  main.cpp(112): note: this line contains a '{' which has not yet been matched
main.cpp(112): fatal error C1075: the left brace '{' was unmatched at the end of the file
